#
# A fatal error has been detected by the Java Runtime Environment:
#
#  SIGSEGV (0xb) at pc=0x00007fff8c1d500e, pid=17895, tid=1811
#
# JRE version: Java(TM) SE Runtime Environment (8.0_40-b27) (build 1.8.0_40-b27)
# Java VM: Java HotSpot(TM) 64-Bit Server VM (25.40-b25 mixed mode bsd-amd64 compressed oops)
# Problematic frame:
# C  [AudioToolbox+0x400e]  AudioFileFormat::AudioFileFormat(unsigned int)+0x1a
#
# Failed to write core dump. Core dumps have been disabled. To enable core dumping, try "ulimit -c unlimited" before starting Java again
#
# If you would like to submit a bug report, please visit:
#   http://bugreport.java.com/bugreport/crash.jsp
# The crash happened outside the Java Virtual Machine in native code.
# See problematic frame for where to report the bug.
#

---------------  T H R E A D  ---------------

Current thread (0x00007fc69466a800):  JavaThread "AWT-AppKit" daemon [_thread_in_native, id=1811, stack(0x00007fff5b79e000,0x00007fff5bf9e000)]

siginfo: si_signo: 11 (SIGSEGV), si_code: 1 (SEGV_MAPERR), si_addr: 0x0000000003c7d00d

Registers:
RAX=0xffffffff9c9e999a, RBX=0x00007fc693ed1040, RCX=0x0000000000000001, RDX=0xffffffff9c9e999a
RSP=0x00007fff5bf98eb0, RBP=0x00007fff5bf98eb0, RSI=0x0000000063616666, RDI=0x0000000003c7d000
R8 =0x0000000000000004, R9 =0x00000000ffc00000, R10=0x0000000043c92760, R11=0x00007fc57a43f800
R12=0x00007fc695c3e800, R13=0x00007fff5bf98f4c, R14=0x00007fc693e01b10, R15=0x0000000000000000
RIP=0x00007fff8c1d500e, EFLAGS=0x0000000000010297, ERR=0x0000000000000006
  TRAPNO=0x000000000000000e

Top of Stack: (sp=0x00007fff5bf98eb0)
0x00007fff5bf98eb0:   00007fff5bf98ee0 00007fff8c1d4c89
0x00007fff5bf98ec0:   00007fc693e01b10 0000000000000000
0x00007fff5bf98ed0:   00007fff5bf99001 0000000000000000
0x00007fff5bf98ee0:   00007fff5bf98f00 00007fff8c1d4c33
0x00007fff5bf98ef0:   00007fc695c3e800 0000000000000000
0x00007fff5bf98f00:   00007fff5bf98f80 00007fff8c1d484d
0x00007fff5bf98f10:   0000000000001000 000000006cabc086
0x00007fff5bf98f20:   0000000000000000 00007fff8c1d65ea
0x00007fff5bf98f30:   0000000000000000 00007fff5bf98fb8
0x00007fff5bf98f40:   00007fff8c1d4ab3 0000200000000000
0x00007fff5bf98f50:   00007fc695c3e800 000000011b7ff000
0x00007fff5bf98f60:   00000000ffffffff 00007fc695c4ce00
0x00007fff5bf98f70:   00007fff5bf990a0 0000000000000088
0x00007fff5bf98f80:   00007fff5bf99080 00007fff8c1d46d3
0x00007fff5bf98f90:   00007fff5bf98fb0 0000000000000d90
0x00007fff5bf98fa0:   00007fc693e00000 00007fc693efc080
0x00007fff5bf98fb0:   0000000000000000 000000011b7ff000
0x00007fff5bf98fc0:   0000000000020cca 000181a401000002
0x00007fff5bf98fd0:   0000000000032483 0000000000000000
0x00007fff5bf98fe0:   0000000000000000 000000005725c7cd
0x00007fff5bf98ff0:   0000000000000000 00000000540f7571
0x00007fff5bf99000:   0000000000000000 0000000054e99a3f
0x00007fff5bf99010:   0000000000000000 00000000540f7571
0x00007fff5bf99020:   0000000000000000 0000000000020cca
0x00007fff5bf99030:   0000000000000098 0000002000001000
0x00007fff5bf99040:   0000000000000000 0000000000000000
0x00007fff5bf99050:   0000000000000000 00007fc693ecb380
0x00007fff5bf99060:   0000000000001000 080082b06cabc086
0x00007fff5bf99070:   0000000000000000 00007fc699010d00
0x00007fff5bf99080:   00007fff5bf994e0 00007fff8c1d4253
0x00007fff5bf99090:   00007fff5bf994e0 00007fff8c1d40a0
0x00007fff5bf990a0:   0000000000000000 0000000000000000 

Instructions: (pc=0x00007fff8c1d500e)
0x00007fff8c1d4fee:   e8 63 3e 13 00 90 55 48 89 e5 89 77 08 48 8d 05
0x00007fff8c1d4ffe:   4e ee 24 4c 8b 7d 80 4c 89 fa 48 29 f2 48 89 d0
0x00007fff8c1d500e:   48 83 77 0d 49 8d 45 10 4d 39 6c 24 08 4c 0f 47
0x00007fff8c1d501e:   e8 49 03 00 a0 8b 03 00 a0 8b 03 00 a0 8b 03 00 

Register to memory mapping:

RAX=0xffffffff9c9e999a is an unknown value
RBX=0x00007fc693ed1040 is an unknown value
RCX=0x0000000000000001 is an unknown value
RDX=0xffffffff9c9e999a is an unknown value
RSP=0x00007fff5bf98eb0 is pointing into the stack for thread: 0x00007fc69466a800
RBP=0x00007fff5bf98eb0 is pointing into the stack for thread: 0x00007fc69466a800
RSI=0x0000000063616666 is an unknown value
RDI=0x0000000003c7d000 is an unknown value
R8 =0x0000000000000004 is an unknown value
R9 =0x00000000ffc00000 is an unknown value
R10=0x0000000043c92760 is an unknown value
R11=0x00007fc57a43f800 is an unknown value
R12=0x00007fc695c3e800 is an unknown value
R13=0x00007fff5bf98f4c is pointing into the stack for thread: 0x00007fc69466a800
R14=0x00007fc693e01b10 is an unknown value
R15=0x0000000000000000 is an unknown value


Stack: [0x00007fff5b79e000,0x00007fff5bf9e000],  sp=0x00007fff5bf98eb0,  free space=8171k
Native frames: (J=compiled Java code, j=interpreted, Vv=VM code, C=native code)
C  [AudioToolbox+0x400e]  AudioFileFormat::AudioFileFormat(unsigned int)+0x1a
C  [AudioToolbox+0x3c89]  AudioFileFormatRegistry::AddBuiltInFormats()+0x27
C  [AudioToolbox+0x3c33]  GetAudioFileFormatRegistry()+0x79
C  [AudioToolbox+0x384d]  AudioFileOpenWithCallbacks+0xb2
C  [AudioToolbox+0x36d3]  VerifyAndMapURL(__CFURL const*, long long&)+0x11e
C  [AudioToolbox+0x3253]  ActionDataToServer(__CFURL const*, unsigned int)+0x169
C  [AudioToolbox+0x2c10]  CreateBuiltInInfo+0xe8
C  [AudioToolbox+0x2539]  PlaySound(unsigned int, unsigned int, unsigned char*, unsigned int, bool)+0x1e3
C  [AppKit+0x2b3144]  NSBeep+0x19
C  [AppKit+0x15da49]  -[NSApplication sendEvent:]+0x10ff
C  [libosxapp.dylib+0x23ac]  -[NSApplicationAWT sendEvent:]+0x109
C  [AppKit+0x86c68]  -[NSApplication run]+0x2c7
C  [libosxapp.dylib+0x223e]  +[NSApplicationAWT runAWTLoopWithApp:]+0x9c
C  [libawt_lwawt.dylib+0x4463b]  -[AWTStarter starter:]+0x389
C  [Foundation+0x92d00]  __NSThreadPerformPerform+0x125
C  [CoreFoundation+0x80a01]  __CFRUNLOOP_IS_CALLING_OUT_TO_A_SOURCE0_PERFORM_FUNCTION__+0x11
C  [CoreFoundation+0x72b8d]  __CFRunLoopDoSources0+0x10d
C  [CoreFoundation+0x721bf]  __CFRunLoopRun+0x39f
C  [CoreFoundation+0x71bd8]  CFRunLoopRunSpecific+0x128
C  [java+0x6490]  CreateExecutionEnvironment+0x367
C  [java+0x221c]  JLI_Launch+0x7a0
C  [java+0x84ed]  main+0x65
C  [java+0x1a74]  start+0x34
C  0x000000000000000c


---------------  P R O C E S S  ---------------

Java Threads: ( => current thread )
  0x00007fc696813000 JavaThread "AWT-Shutdown" [_thread_blocked, id=28947, stack(0x0000000120b76000,0x0000000120c76000)]
=>0x00007fc69466a800 JavaThread "AWT-AppKit" daemon [_thread_in_native, id=1811, stack(0x00007fff5b79e000,0x00007fff5bf9e000)]
  0x00007fc694912800 JavaThread "commons-pool-EvictionTimer" daemon [_thread_blocked, id=12303, stack(0x000000011e658000,0x000000011e758000)]
  0x00007fc694063000 JavaThread "Monitor Ctrl-Break" daemon [_thread_in_native, id=19203, stack(0x000000011d63c000,0x000000011d73c000)]
  0x00007fc69480b800 JavaThread "Service Thread" daemon [_thread_blocked, id=18179, stack(0x000000011d3f6000,0x000000011d4f6000)]
  0x00007fc694037800 JavaThread "C1 CompilerThread2" daemon [_thread_blocked, id=17667, stack(0x000000011d2f3000,0x000000011d3f3000)]
  0x00007fc694033000 JavaThread "C2 CompilerThread1" daemon [_thread_in_native, id=17155, stack(0x000000011d1f0000,0x000000011d2f0000)]
  0x00007fc694036000 JavaThread "C2 CompilerThread0" daemon [_thread_blocked, id=16643, stack(0x000000011d0ed000,0x000000011d1ed000)]
  0x00007fc694032800 JavaThread "Signal Dispatcher" daemon [_thread_blocked, id=13335, stack(0x000000011cfea000,0x000000011d0ea000)]
  0x00007fc695016000 JavaThread "Finalizer" daemon [_thread_blocked, id=11523, stack(0x000000011b5c9000,0x000000011b6c9000)]
  0x00007fc695001000 JavaThread "Reference Handler" daemon [_thread_blocked, id=11011, stack(0x000000011b4c6000,0x000000011b5c6000)]
  0x00007fc695807800 JavaThread "main" [_thread_blocked, id=4867, stack(0x0000000104cf5000,0x0000000104df5000)]

Other Threads:
  0x00007fc694026000 VMThread [stack: 0x000000011b3c3000,0x000000011b4c3000] [id=10499]
  0x00007fc695840800 WatcherThread [stack: 0x000000011d4f9000,0x000000011d5f9000] [id=18691]

VM state:at safepoint (normal execution)

VM Mutex/Monitor currently owned by a thread:  ([mutex/lock_event])
[0x00007fc693c0e0f0] Threads_lock - owner thread: 0x00007fc694026000
[0x00007fc693c0e5f0] Heap_lock - owner thread: 0x00007fc695807800

Heap:
 PSYoungGen      total 144896K, used 114566K [0x0000000795580000, 0x000000079f880000, 0x00000007c0000000)
  eden space 130560K, 76% used [0x0000000795580000,0x000000079b7660c8,0x000000079d500000)
  from space 14336K, 99% used [0x000000079e580000,0x000000079f37ba60,0x000000079f380000)
  to   space 16896K, 56% used [0x000000079d500000,0x000000079de4ee70,0x000000079e580000)
 ParOldGen       total 87552K, used 15953K [0x0000000740000000, 0x0000000745580000, 0x0000000795580000)
  object space 87552K, 18% used [0x0000000740000000,0x0000000740f94548,0x0000000745580000)
 Metaspace       used 21075K, capacity 21214K, committed 21296K, reserved 1069056K
  class space    used 2528K, capacity 2561K, committed 2608K, reserved 1048576K

Card table byte_map: [0x0000000114a14000,0x0000000114e15000] byte_map_base: 0x0000000111014000

Marking Bits: (ParMarkBitMap*) 0x00000001046367a0
 Begin Bits: [0x00000001154cc000, 0x00000001174cc000)
 End Bits:   [0x00000001174cc000, 0x00000001194cc000)

Polling page: 0x0000000104df7000

CodeCache: size=245760Kb used=6669Kb max_used=6669Kb free=239090Kb
 bounds [0x0000000105654000, 0x0000000105ce4000, 0x0000000114654000]
 total_blobs=2374 nmethods=1963 adapters=323
 compilation: enabled

Compilation events (10 events):
Event: 6.160 Thread 0x00007fc694037800 1956       3       java.util.HashSet::isEmpty (8 bytes)
Event: 6.161 Thread 0x00007fc694037800 nmethod 1956 0x0000000105c9a6d0 code [0x0000000105c9a840, 0x0000000105c9aad0]
Event: 6.167 Thread 0x00007fc694036000 1957       4       java.util.Date::getTime (5 bytes)
Event: 6.167 Thread 0x00007fc694036000 nmethod 1957 0x0000000105c9c610 code [0x0000000105c9c760, 0x0000000105c9c7e8]
Event: 6.169 Thread 0x00007fc694033000 nmethod 1953 0x0000000105cbdb50 code [0x0000000105cbdea0, 0x0000000105cc0c40]
Event: 6.175 Thread 0x00007fc694037800 1958       3       java.util.regex.Pattern::next (33 bytes)
Event: 6.176 Thread 0x00007fc694037800 nmethod 1958 0x0000000105c9ef90 code [0x0000000105c9f120, 0x0000000105c9f3e8]
Event: 6.176 Thread 0x00007fc694037800 1959       3       java.util.regex.Pattern$Node::<init> (12 bytes)
Event: 6.176 Thread 0x00007fc694037800 nmethod 1959 0x0000000105c9eb90 code [0x0000000105c9ed00, 0x0000000105c9eed0]
Event: 6.177 Thread 0x00007fc694036000 1960   !   4       java.lang.StringCoding::encode (120 bytes)

GC Heap History (10 events):
Event: 2.076 GC heap before
{Heap before GC invocations=2 (full 0):
 PSYoungGen      total 38400K, used 37334K [0x0000000795580000, 0x0000000798000000, 0x00000007c0000000)
  eden space 33280K, 100% used [0x0000000795580000,0x0000000797600000,0x0000000797600000)
  from space 5120K, 79% used [0x0000000797600000,0x00000007979f5860,0x0000000797b00000)
  to   space 5120K, 0% used [0x0000000797b00000,0x0000000797b00000,0x0000000798000000)
 ParOldGen       total 87552K, used 8K [0x0000000740000000, 0x0000000745580000, 0x0000000795580000)
  object space 87552K, 0% used [0x0000000740000000,0x0000000740002000,0x0000000745580000)
 Metaspace       used 11159K, capacity 11352K, committed 11392K, reserved 1058816K
  class space    used 1315K, capacity 1370K, committed 1408K, reserved 1048576K
Event: 2.096 GC heap after
Heap after GC invocations=2 (full 0):
 PSYoungGen      total 38400K, used 5094K [0x0000000795580000, 0x000000079a080000, 0x00000007c0000000)
  eden space 33280K, 0% used [0x0000000795580000,0x0000000795580000,0x0000000797600000)
  from space 5120K, 99% used [0x0000000797b00000,0x0000000797ff9bc8,0x0000000798000000)
  to   space 5120K, 0% used [0x0000000797600000,0x0000000797600000,0x0000000797b00000)
 ParOldGen       total 87552K, used 80K [0x0000000740000000, 0x0000000745580000, 0x0000000795580000)
  object space 87552K, 0% used [0x0000000740000000,0x0000000740014010,0x0000000745580000)
 Metaspace       used 11159K, capacity 11352K, committed 11392K, reserved 1058816K
  class space    used 1315K, capacity 1370K, committed 1408K, reserved 1048576K
}
Event: 2.513 GC heap before
{Heap before GC invocations=3 (full 0):
 PSYoungGen      total 38400K, used 38374K [0x0000000795580000, 0x000000079a080000, 0x00000007c0000000)
  eden space 33280K, 100% used [0x0000000795580000,0x0000000797600000,0x0000000797600000)
  from space 5120K, 99% used [0x0000000797b00000,0x0000000797ff9bc8,0x0000000798000000)
  to   space 5120K, 0% used [0x0000000797600000,0x0000000797600000,0x0000000797b00000)
 ParOldGen       total 87552K, used 80K [0x0000000740000000, 0x0000000745580000, 0x0000000795580000)
  object space 87552K, 0% used [0x0000000740000000,0x0000000740014010,0x0000000745580000)
 Metaspace       used 11515K, capacity 11672K, committed 11904K, reserved 1060864K
  class space    used 1336K, capacity 1370K, committed 1408K, reserved 1048576K
Event: 2.521 GC heap after
Heap after GC invocations=3 (full 0):
 PSYoungGen      total 38400K, used 5104K [0x0000000795580000, 0x000000079a080000, 0x00000007c0000000)
  eden space 33280K, 0% used [0x0000000795580000,0x0000000795580000,0x0000000797600000)
  from space 5120K, 99% used [0x0000000797600000,0x0000000797afc030,0x0000000797b00000)
  to   space 5120K, 0% used [0x0000000799b80000,0x0000000799b80000,0x000000079a080000)
 ParOldGen       total 87552K, used 1809K [0x0000000740000000, 0x0000000745580000, 0x0000000795580000)
  object space 87552K, 2% used [0x0000000740000000,0x00000007401c4778,0x0000000745580000)
 Metaspace       used 11515K, capacity 11672K, committed 11904K, reserved 1060864K
  class space    used 1336K, capacity 1370K, committed 1408K, reserved 1048576K
}
Event: 2.953 GC heap before
{Heap before GC invocations=4 (full 0):
 PSYoungGen      total 38400K, used 38384K [0x0000000795580000, 0x000000079a080000, 0x00000007c0000000)
  eden space 33280K, 100% used [0x0000000795580000,0x0000000797600000,0x0000000797600000)
  from space 5120K, 99% used [0x0000000797600000,0x0000000797afc030,0x0000000797b00000)
  to   space 5120K, 0% used [0x0000000799b80000,0x0000000799b80000,0x000000079a080000)
 ParOldGen       total 87552K, used 1809K [0x0000000740000000, 0x0000000745580000, 0x0000000795580000)
  object space 87552K, 2% used [0x0000000740000000,0x00000007401c4778,0x0000000745580000)
 Metaspace       used 11593K, capacity 11736K, committed 11904K, reserved 1060864K
  class space    used 1336K, capacity 1370K, committed 1408K, reserved 1048576K
Event: 2.975 GC heap after
Heap after GC invocations=4 (full 0):
 PSYoungGen      total 71680K, used 5106K [0x0000000795580000, 0x000000079a080000, 0x00000007c0000000)
  eden space 66560K, 0% used [0x0000000795580000,0x0000000795580000,0x0000000799680000)
  from space 5120K, 99% used [0x0000000799b80000,0x000000079a07cae8,0x000000079a080000)
  to   space 5120K, 0% used [0x0000000799680000,0x0000000799680000,0x0000000799b80000)
 ParOldGen       total 87552K, used 6677K [0x0000000740000000, 0x0000000745580000, 0x0000000795580000)
  object space 87552K, 7% used [0x0000000740000000,0x00000007406855c8,0x0000000745580000)
 Metaspace       used 11593K, capacity 11736K, committed 11904K, reserved 1060864K
  class space    used 1336K, capacity 1370K, committed 1408K, reserved 1048576K
}
Event: 3.763 GC heap before
{Heap before GC invocations=5 (full 0):
 PSYoungGen      total 71680K, used 71666K [0x0000000795580000, 0x000000079a080000, 0x00000007c0000000)
  eden space 66560K, 100% used [0x0000000795580000,0x0000000799680000,0x0000000799680000)
  from space 5120K, 99% used [0x0000000799b80000,0x000000079a07cae8,0x000000079a080000)
  to   space 5120K, 0% used [0x0000000799680000,0x0000000799680000,0x0000000799b80000)
 ParOldGen       total 87552K, used 6677K [0x0000000740000000, 0x0000000745580000, 0x0000000795580000)
  object space 87552K, 7% used [0x0000000740000000,0x00000007406855c8,0x0000000745580000)
 Metaspace       used 11703K, capacity 11838K, committed 11904K, reserved 1060864K
  class space    used 1350K, capacity 1403K, committed 1408K, reserved 1048576K
Event: 3.785 GC heap after
Heap after GC invocations=5 (full 0):
 PSYoungGen      total 71680K, used 5106K [0x0000000795580000, 0x000000079f380000, 0x00000007c0000000)
  eden space 66560K, 0% used [0x0000000795580000,0x0000000795580000,0x0000000799680000)
  from space 5120K, 99% used [0x0000000799680000,0x0000000799b7cae8,0x0000000799b80000)
  to   space 14336K, 0% used [0x000000079e580000,0x000000079e580000,0x000000079f380000)
 ParOldGen       total 87552K, used 14074K [0x0000000740000000, 0x0000000745580000, 0x0000000795580000)
  object space 87552K, 16% used [0x0000000740000000,0x0000000740dbea08,0x0000000745580000)
 Metaspace       used 11703K, capacity 11838K, committed 11904K, reserved 1060864K
  class space    used 1350K, capacity 1403K, committed 1408K, reserved 1048576K
}
Event: 4.244 GC heap before
{Heap before GC invocations=6 (full 0):
 PSYoungGen      total 71680K, used 71666K [0x0000000795580000, 0x000000079f380000, 0x00000007c0000000)
  eden space 66560K, 100% used [0x0000000795580000,0x0000000799680000,0x0000000799680000)
  from space 5120K, 99% used [0x0000000799680000,0x0000000799b7cae8,0x0000000799b80000)
  to   space 14336K, 0% used [0x000000079e580000,0x000000079e580000,0x000000079f380000)
 ParOldGen       total 87552K, used 14074K [0x0000000740000000, 0x0000000745580000, 0x0000000795580000)
  object space 87552K, 16% used [0x0000000740000000,0x0000000740dbea08,0x0000000745580000)
 Metaspace       used 11798K, capacity 11972K, committed 12160K, reserved 1060864K
  class space    used 1357K, capacity 1404K, committed 1408K, reserved 1048576K
Event: 4.265 GC heap after
Heap after GC invocations=6 (full 0):
 PSYoungGen      total 144896K, used 14318K [0x0000000795580000, 0x000000079f880000, 0x00000007c0000000)
  eden space 130560K, 0% used [0x0000000795580000,0x0000000795580000,0x000000079d500000)
  from space 14336K, 99% used [0x000000079e580000,0x000000079f37ba60,0x000000079f380000)
  to   space 16896K, 0% used [0x000000079d500000,0x000000079d500000,0x000000079e580000)
 ParOldGen       total 87552K, used 14104K [0x0000000740000000, 0x0000000745580000, 0x0000000795580000)
  object space 87552K, 16% used [0x0000000740000000,0x0000000740dc62a8,0x0000000745580000)
 Metaspace       used 11798K, capacity 11972K, committed 12160K, reserved 1060864K
  class space    used 1357K, capacity 1404K, committed 1408K, reserved 1048576K
}

Deoptimization events (10 events):
Event: 5.167 Thread 0x00007fc695807800 Uncommon trap: reason=unstable_if action=reinterpret pc=0x0000000105852434 method=java.lang.AbstractStringBuilder.append(Ljava/lang/String;)Ljava/lang/AbstractStringBuilder; @ 1
Event: 5.368 Thread 0x00007fc695807800 Uncommon trap: reason=unstable_if action=reinterpret pc=0x0000000105852d68 method=java.lang.AbstractStringBuilder.append(Ljava/lang/String;)Ljava/lang/AbstractStringBuilder; @ 1
Event: 5.384 Thread 0x00007fc695807800 Uncommon trap: reason=unstable_if action=reinterpret pc=0x00000001059a341c method=com.sun.org.apache.xerces.internal.util.SymbolTable.addSymbol([CII)Ljava/lang/String; @ 49
Event: 5.540 Thread 0x00007fc695807800 Uncommon trap: reason=class_check action=maybe_recompile pc=0x0000000105bcc3e8 method=org.springframework.asm.ClassReader.accept(Lorg/springframework/asm/ClassVisitor;[Lorg/springframework/asm/Attribute;I)V @ 666
Event: 5.553 Thread 0x00007fc695807800 Uncommon trap: reason=class_check action=maybe_recompile pc=0x0000000105bcc3e8 method=org.springframework.asm.ClassReader.accept(Lorg/springframework/asm/ClassVisitor;[Lorg/springframework/asm/Attribute;I)V @ 666
Event: 5.741 Thread 0x00007fc695807800 Uncommon trap: reason=class_check action=maybe_recompile pc=0x00000001059fa728 method=java.util.regex.Pattern$Curly.match0(Ljava/util/regex/Matcher;IILjava/lang/CharSequence;)Z @ 31
Event: 5.741 Thread 0x00007fc695807800 Uncommon trap: reason=class_check action=maybe_recompile pc=0x00000001059cce34 method=java.util.regex.Pattern$CharProperty.match(Ljava/util/regex/Matcher;ILjava/lang/CharSequence;)Z @ 18
Event: 5.741 Thread 0x00007fc695807800 Uncommon trap: reason=class_check action=maybe_recompile pc=0x00000001059cce34 method=java.util.regex.Pattern$CharProperty.match(Ljava/util/regex/Matcher;ILjava/lang/CharSequence;)Z @ 18
Event: 5.741 Thread 0x00007fc695807800 Uncommon trap: reason=class_check action=maybe_recompile pc=0x00000001059cce34 method=java.util.regex.Pattern$CharProperty.match(Ljava/util/regex/Matcher;ILjava/lang/CharSequence;)Z @ 18
Event: 5.741 Thread 0x00007fc695807800 Uncommon trap: reason=class_check action=maybe_recompile pc=0x00000001059cce34 method=java.util.regex.Pattern$CharProperty.match(Ljava/util/regex/Matcher;ILjava/lang/CharSequence;)Z @ 18

Internal exceptions (10 events):
Event: 5.629 Thread 0x00007fc695807800 Exception <a 'java/security/PrivilegedActionException'> (0x000000079a3d1c50) thrown at [/Users/java_re/workspace/8-2-build-macosx-x86_64/jdk8u40/3153/hotspot/src/share/vm/prims/jvm.cpp, line 1382]
Event: 5.629 Thread 0x00007fc695807800 Exception <a 'java/lang/ClassNotFoundException': org/springframework/context/event/DefaultEventListenerFactoryCustomizer> (0x000000079a3d4620) thrown at [/Users/java_re/workspace/8-2-build-macosx-x86_64/jdk8u40/3153/hotspot/src/share/vm/classfile/systemDi
Event: 5.649 Thread 0x00007fc695807800 Exception <a 'java/lang/ClassNotFoundException': org/springframework/jdbc/datasource/DataSourceTransactionManagerBeanInfo> (0x000000079a497a90) thrown at [/Users/java_re/workspace/8-2-build-macosx-x86_64/jdk8u40/3153/hotspot/src/share/vm/classfile/systemD
Event: 5.650 Thread 0x00007fc695807800 Exception <a 'java/lang/ClassNotFoundException': org/springframework/transaction/support/AbstractPlatformTransactionManagerBeanInfo> (0x000000079a4bdc90) thrown at [/Users/java_re/workspace/8-2-build-macosx-x86_64/jdk8u40/3153/hotspot/src/share/vm/classfi
Event: 5.650 Thread 0x00007fc695807800 Exception <a 'java/lang/ClassNotFoundException': org/springframework/transaction/support/AbstractPlatformTransactionManagerCustomizer> (0x000000079a4e5228) thrown at [/Users/java_re/workspace/8-2-build-macosx-x86_64/jdk8u40/3153/hotspot/src/share/vm/class
Event: 5.652 Thread 0x00007fc695807800 Exception <a 'java/lang/ClassNotFoundException': org/springframework/jdbc/datasource/DataSourceTransactionManagerCustomizer> (0x000000079a520e80) thrown at [/Users/java_re/workspace/8-2-build-macosx-x86_64/jdk8u40/3153/hotspot/src/share/vm/classfile/syste
Event: 5.733 Thread 0x00007fc695807800 Exception <a 'java/lang/ClassNotFoundException': TestControllerBeanInfo> (0x000000079a8cdd38) thrown at [/Users/java_re/workspace/8-2-build-macosx-x86_64/jdk8u40/3153/hotspot/src/share/vm/classfile/systemDictionary.cpp, line 210]
Event: 5.733 Thread 0x00007fc695807800 Exception <a 'java/lang/ClassNotFoundException': TestControllerCustomizer> (0x000000079a8deb00) thrown at [/Users/java_re/workspace/8-2-build-macosx-x86_64/jdk8u40/3153/hotspot/src/share/vm/classfile/systemDictionary.cpp, line 210]
Event: 6.152 Thread 0x00007fc695807800 Exception <a 'java/io/FileNotFoundException'> (0x000000079aec8a10) thrown at [/Users/java_re/workspace/8-2-build-macosx-x86_64/jdk8u40/3153/hotspot/src/share/vm/prims/jni.cpp, line 709]
Event: 6.152 Thread 0x00007fc695807800 Exception <a 'java/io/FileNotFoundException'> (0x000000079aec9648) thrown at [/Users/java_re/workspace/8-2-build-macosx-x86_64/jdk8u40/3153/hotspot/src/share/vm/prims/jni.cpp, line 709]

Events (10 events):
Event: 6.177 loading class com/alibaba/fastjson/annotation/JSONType
Event: 6.177 loading class com/alibaba/fastjson/annotation/JSONType done
Event: 6.177 loading class com/alibaba/fastjson/annotation/JSONField
Event: 6.177 loading class com/alibaba/fastjson/annotation/JSONField done
Event: 6.177 loading class com/alibaba/fastjson/util/TypeUtils
Event: 6.177 loading class com/alibaba/fastjson/util/TypeUtils done
Event: 6.181 loading class com/alibaba/fastjson/asm/ASMException
Event: 6.181 loading class com/alibaba/fastjson/asm/ASMException done
Event: 6.183 loading class com/alibaba/fastjson/parser/ParserConfig
Event: 6.183 loading class com/alibaba/fastjson/parser/ParserConfig done


Dynamic libraries:
0x000000000699d000 	/System/Library/Frameworks/Cocoa.framework/Versions/A/Cocoa
0x000000000699d000 	/System/Library/Frameworks/Security.framework/Versions/A/Security
0x000000000699d000 	/System/Library/Frameworks/ApplicationServices.framework/Versions/A/ApplicationServices
0x000000000699d000 	/usr/lib/libz.1.dylib
0x000000000699d000 	/usr/lib/libSystem.B.dylib
0x000000000699d000 	/usr/lib/libobjc.A.dylib
0x000000000699d000 	/System/Library/Frameworks/CoreFoundation.framework/Versions/A/CoreFoundation
0x000000000699d000 	/System/Library/Frameworks/Foundation.framework/Versions/C/Foundation
0x000000000699d000 	/System/Library/Frameworks/AppKit.framework/Versions/C/AppKit
0x000000000699d000 	/System/Library/Frameworks/CoreData.framework/Versions/A/CoreData
0x000000000699d000 	/System/Library/PrivateFrameworks/RemoteViewServices.framework/Versions/A/RemoteViewServices
0x000000000699d000 	/System/Library/PrivateFrameworks/UIFoundation.framework/Versions/A/UIFoundation
0x000000000699d000 	/System/Library/Frameworks/IOSurface.framework/Versions/A/IOSurface
0x000000000699d000 	/System/Library/Frameworks/AudioToolbox.framework/Versions/A/AudioToolbox
0x000000000699d000 	/System/Library/Frameworks/AudioUnit.framework/Versions/A/AudioUnit
0x000000000699d000 	/System/Library/PrivateFrameworks/DataDetectorsCore.framework/Versions/A/DataDetectorsCore
0x000000000699d000 	/System/Library/PrivateFrameworks/DesktopServicesPriv.framework/Versions/A/DesktopServicesPriv
0x000000000699d000 	/System/Library/Frameworks/Carbon.framework/Versions/A/Frameworks/HIToolbox.framework/Versions/A/HIToolbox
0x000000000699d000 	/System/Library/Frameworks/QuartzCore.framework/Versions/A/QuartzCore
0x000000000699d000 	/System/Library/Frameworks/Carbon.framework/Versions/A/Frameworks/SpeechRecognition.framework/Versions/A/SpeechRecognition
0x000000000699d000 	/usr/lib/libauto.dylib
0x000000000699d000 	/usr/lib/libicucore.A.dylib
0x000000000699d000 	/usr/lib/libxml2.2.dylib
0x000000000699d000 	/System/Library/PrivateFrameworks/CoreUI.framework/Versions/A/CoreUI
0x000000000699d000 	/System/Library/Frameworks/CoreAudio.framework/Versions/A/CoreAudio
0x000000000699d000 	/System/Library/Frameworks/DiskArbitration.framework/Versions/A/DiskArbitration
0x000000000699d000 	/usr/lib/liblangid.dylib
0x000000000699d000 	/System/Library/PrivateFrameworks/MultitouchSupport.framework/Versions/A/MultitouchSupport
0x000000000699d000 	/System/Library/Frameworks/IOKit.framework/Versions/A/IOKit
0x000000000699d000 	/usr/lib/libDiagnosticMessagesClient.dylib
0x000000000699d000 	/System/Library/Frameworks/CoreServices.framework/Versions/A/CoreServices
0x000000000699d000 	/System/Library/PrivateFrameworks/PerformanceAnalysis.framework/Versions/A/PerformanceAnalysis
0x000000000699d000 	/System/Library/PrivateFrameworks/GenerationalStorage.framework/Versions/A/GenerationalStorage
0x000000000699d000 	/System/Library/Frameworks/OpenGL.framework/Versions/A/OpenGL
0x000000000699d000 	/System/Library/PrivateFrameworks/Sharing.framework/Versions/A/Sharing
0x000000000699d000 	/System/Library/Frameworks/CoreGraphics.framework/Versions/A/CoreGraphics
0x000000000699d000 	/System/Library/Frameworks/CoreText.framework/Versions/A/CoreText
0x000000000699d000 	/System/Library/Frameworks/ImageIO.framework/Versions/A/ImageIO
0x000000000699d000 	/usr/lib/libextension.dylib
0x000000000699d000 	/System/Library/PrivateFrameworks/Backup.framework/Versions/A/Backup
0x000000000699d000 	/usr/lib/libarchive.2.dylib
0x000000000699d000 	/System/Library/Frameworks/CFNetwork.framework/Versions/A/CFNetwork
0x000000000699d000 	/System/Library/Frameworks/SystemConfiguration.framework/Versions/A/SystemConfiguration
0x000000000699d000 	/usr/lib/libCRFSuite.dylib
0x000000000699d000 	/usr/lib/libc++.1.dylib
0x000000000699d000 	/usr/lib/libc++abi.dylib
0x000000000699d000 	/usr/lib/system/libcache.dylib
0x000000000699d000 	/usr/lib/system/libcommonCrypto.dylib
0x000000000699d000 	/usr/lib/system/libcompiler_rt.dylib
0x000000000699d000 	/usr/lib/system/libcopyfile.dylib
0x000000000699d000 	/usr/lib/system/libcorecrypto.dylib
0x000000000699d000 	/usr/lib/system/libdispatch.dylib
0x000000000699d000 	/usr/lib/system/libdyld.dylib
0x000000000699d000 	/usr/lib/system/libkeymgr.dylib
0x000000000699d000 	/usr/lib/system/liblaunch.dylib
0x000000000699d000 	/usr/lib/system/libmacho.dylib
0x000000000699d000 	/usr/lib/system/libquarantine.dylib
0x000000000699d000 	/usr/lib/system/libremovefile.dylib
0x000000000699d000 	/usr/lib/system/libsystem_asl.dylib
0x000000000699d000 	/usr/lib/system/libsystem_blocks.dylib
0x000000000699d000 	/usr/lib/system/libsystem_c.dylib
0x000000000699d000 	/usr/lib/system/libsystem_configuration.dylib
0x000000000699d000 	/usr/lib/system/libsystem_coreservices.dylib
0x000000000699d000 	/usr/lib/system/libsystem_coretls.dylib
0x000000000699d000 	/usr/lib/system/libsystem_dnssd.dylib
0x000000000699d000 	/usr/lib/system/libsystem_info.dylib
0x000000000699d000 	/usr/lib/system/libsystem_kernel.dylib
0x000000000699d000 	/usr/lib/system/libsystem_m.dylib
0x000000000699d000 	/usr/lib/system/libsystem_malloc.dylib
0x000000000699d000 	/usr/lib/system/libsystem_network.dylib
0x000000000699d000 	/usr/lib/system/libsystem_networkextension.dylib
0x000000000699d000 	/usr/lib/system/libsystem_notify.dylib
0x000000000699d000 	/usr/lib/system/libsystem_platform.dylib
0x000000000699d000 	/usr/lib/system/libsystem_pthread.dylib
0x000000000699d000 	/usr/lib/system/libsystem_sandbox.dylib
0x000000000699d000 	/usr/lib/system/libsystem_secinit.dylib
0x000000000699d000 	/usr/lib/system/libsystem_stats.dylib
0x000000000699d000 	/usr/lib/system/libsystem_trace.dylib
0x000000000699d000 	/usr/lib/system/libunc.dylib
0x000000000699d000 	/usr/lib/system/libunwind.dylib
0x000000000699d000 	/usr/lib/system/libxpc.dylib
0x000000000699d000 	/usr/lib/libbz2.1.0.dylib
0x000000000699d000 	/usr/lib/liblzma.5.dylib
0x000000000699d000 	/usr/lib/libbsm.0.dylib
0x000000000699d000 	/usr/lib/libsqlite3.dylib
0x000000000699d000 	/usr/lib/system/libkxld.dylib
0x000000000699d000 	/usr/lib/libxar.1.dylib
0x000000000699d000 	/usr/lib/libpam.2.dylib
0x000000000699d000 	/usr/lib/libOpenScriptingUtil.dylib
0x000000000699d000 	/System/Library/Frameworks/CoreServices.framework/Versions/A/Frameworks/FSEvents.framework/Versions/A/FSEvents
0x000000000699d000 	/System/Library/Frameworks/CoreServices.framework/Versions/A/Frameworks/CarbonCore.framework/Versions/A/CarbonCore
0x000000000699d000 	/System/Library/Frameworks/CoreServices.framework/Versions/A/Frameworks/Metadata.framework/Versions/A/Metadata
0x000000000699d000 	/System/Library/Frameworks/CoreServices.framework/Versions/A/Frameworks/OSServices.framework/Versions/A/OSServices
0x000000000699d000 	/System/Library/Frameworks/CoreServices.framework/Versions/A/Frameworks/SearchKit.framework/Versions/A/SearchKit
0x000000000699d000 	/System/Library/Frameworks/CoreServices.framework/Versions/A/Frameworks/AE.framework/Versions/A/AE
0x000000000699d000 	/System/Library/Frameworks/CoreServices.framework/Versions/A/Frameworks/LaunchServices.framework/Versions/A/LaunchServices
0x000000000699d000 	/System/Library/Frameworks/CoreServices.framework/Versions/A/Frameworks/DictionaryServices.framework/Versions/A/DictionaryServices
0x000000000699d000 	/System/Library/Frameworks/NetFS.framework/Versions/A/NetFS
0x000000000699d000 	/System/Library/PrivateFrameworks/NetAuth.framework/Versions/A/NetAuth
0x000000000699d000 	/System/Library/PrivateFrameworks/login.framework/Versions/A/Frameworks/loginsupport.framework/Versions/A/loginsupport
0x000000000699d000 	/System/Library/PrivateFrameworks/TCC.framework/Versions/A/TCC
0x000000000699d000 	/usr/lib/libmecabra.dylib
0x000000000699d000 	/System/Library/Frameworks/ApplicationServices.framework/Versions/A/Frameworks/ATS.framework/Versions/A/ATS
0x000000000699d000 	/System/Library/Frameworks/ApplicationServices.framework/Versions/A/Frameworks/ColorSync.framework/Versions/A/ColorSync
0x000000000699d000 	/System/Library/Frameworks/ApplicationServices.framework/Versions/A/Frameworks/HIServices.framework/Versions/A/HIServices
0x000000000699d000 	/System/Library/Frameworks/ApplicationServices.framework/Versions/A/Frameworks/LangAnalysis.framework/Versions/A/LangAnalysis
0x000000000699d000 	/System/Library/Frameworks/ApplicationServices.framework/Versions/A/Frameworks/PrintCore.framework/Versions/A/PrintCore
0x000000000699d000 	/System/Library/Frameworks/ApplicationServices.framework/Versions/A/Frameworks/QD.framework/Versions/A/QD
0x000000000699d000 	/System/Library/Frameworks/ApplicationServices.framework/Versions/A/Frameworks/SpeechSynthesis.framework/Versions/A/SpeechSynthesis
0x000000000699d000 	/System/Library/Frameworks/Accelerate.framework/Versions/A/Accelerate
0x000000000699d000 	/System/Library/Frameworks/Accelerate.framework/Versions/A/Frameworks/vImage.framework/Versions/A/vImage
0x000000000699d000 	/System/Library/Frameworks/Accelerate.framework/Versions/A/Frameworks/vecLib.framework/Versions/A/vecLib
0x000000000699d000 	/System/Library/Frameworks/Accelerate.framework/Versions/A/Frameworks/vecLib.framework/Versions/A/libvDSP.dylib
0x000000000699d000 	/System/Library/Frameworks/Accelerate.framework/Versions/A/Frameworks/vecLib.framework/Versions/A/libvMisc.dylib
0x000000000699d000 	/System/Library/Frameworks/Accelerate.framework/Versions/A/Frameworks/vecLib.framework/Versions/A/libLAPACK.dylib
0x000000000699d000 	/System/Library/Frameworks/Accelerate.framework/Versions/A/Frameworks/vecLib.framework/Versions/A/libBLAS.dylib
0x000000000699d000 	/System/Library/Frameworks/Accelerate.framework/Versions/A/Frameworks/vecLib.framework/Versions/A/libLinearAlgebra.dylib
0x000000000699d000 	/System/Library/Frameworks/ApplicationServices.framework/Versions/A/Frameworks/ATS.framework/Versions/A/Resources/libFontParser.dylib
0x000000000699d000 	/System/Library/Frameworks/ApplicationServices.framework/Versions/A/Frameworks/ATS.framework/Versions/A/Resources/libFontRegistry.dylib
0x000000000699d000 	/System/Library/PrivateFrameworks/AppleVPA.framework/Versions/A/AppleVPA
0x000000000699d000 	/System/Library/PrivateFrameworks/AppleJPEG.framework/Versions/A/AppleJPEG
0x000000000699d000 	/System/Library/Frameworks/ImageIO.framework/Versions/A/Resources/libJPEG.dylib
0x000000000699d000 	/System/Library/Frameworks/ImageIO.framework/Versions/A/Resources/libTIFF.dylib
0x000000000699d000 	/System/Library/Frameworks/ImageIO.framework/Versions/A/Resources/libPng.dylib
0x000000000699d000 	/System/Library/Frameworks/ImageIO.framework/Versions/A/Resources/libGIF.dylib
0x000000000699d000 	/System/Library/Frameworks/ImageIO.framework/Versions/A/Resources/libJP2.dylib
0x000000000699d000 	/System/Library/Frameworks/ImageIO.framework/Versions/A/Resources/libRadiance.dylib
0x000000000699d000 	/System/Library/Frameworks/CoreVideo.framework/Versions/A/CoreVideo
0x000000000699d000 	/System/Library/Frameworks/OpenGL.framework/Versions/A/Libraries/libGLU.dylib
0x000000000699d000 	/System/Library/Frameworks/OpenGL.framework/Versions/A/Libraries/libGFXShared.dylib
0x000000000699d000 	/System/Library/Frameworks/OpenGL.framework/Versions/A/Libraries/libGL.dylib
0x000000000699d000 	/System/Library/Frameworks/OpenGL.framework/Versions/A/Libraries/libGLImage.dylib
0x000000000699d000 	/System/Library/Frameworks/OpenGL.framework/Versions/A/Libraries/libCVMSPluginSupport.dylib
0x000000000699d000 	/System/Library/Frameworks/OpenGL.framework/Versions/A/Libraries/libCoreVMClient.dylib
0x000000000699d000 	/usr/lib/libcups.2.dylib
0x000000000699d000 	/System/Library/Frameworks/Kerberos.framework/Versions/A/Kerberos
0x000000000699d000 	/System/Library/Frameworks/GSS.framework/Versions/A/GSS
0x000000000699d000 	/usr/lib/libresolv.9.dylib
0x000000000699d000 	/usr/lib/libiconv.2.dylib
0x000000000699d000 	/System/Library/PrivateFrameworks/Heimdal.framework/Versions/A/Heimdal
0x000000000699d000 	/usr/lib/libheimdal-asn1.dylib
0x000000000699d000 	/System/Library/Frameworks/OpenDirectory.framework/Versions/A/OpenDirectory
0x000000000699d000 	/System/Library/PrivateFrameworks/CommonAuth.framework/Versions/A/CommonAuth
0x000000000699d000 	/System/Library/Frameworks/OpenDirectory.framework/Versions/A/Frameworks/CFOpenDirectory.framework/Versions/A/CFOpenDirectory
0x000000000699d000 	/System/Library/Frameworks/SecurityFoundation.framework/Versions/A/SecurityFoundation
0x000000000699d000 	/System/Library/PrivateFrameworks/LanguageModeling.framework/Versions/A/LanguageModeling
0x000000000699d000 	/usr/lib/libcmph.dylib
0x000000000699d000 	/System/Library/Frameworks/ServiceManagement.framework/Versions/A/ServiceManagement
0x000000000699d000 	/usr/lib/libxslt.1.dylib
0x000000000699d000 	/System/Library/Frameworks/Carbon.framework/Versions/A/Frameworks/Ink.framework/Versions/A/Ink
0x000000000699d000 	/System/Library/Frameworks/QuartzCore.framework/Versions/A/Frameworks/CoreImage.framework/Versions/A/CoreImage
0x000000000699d000 	/System/Library/PrivateFrameworks/CrashReporterSupport.framework/Versions/A/CrashReporterSupport
0x000000000699d000 	/System/Library/Frameworks/OpenCL.framework/Versions/A/OpenCL
0x000000000699d000 	/System/Library/PrivateFrameworks/FaceCore.framework/Versions/A/FaceCore
0x000000000699d000 	/System/Library/PrivateFrameworks/Ubiquity.framework/Versions/A/Ubiquity
0x000000000699d000 	/System/Library/PrivateFrameworks/IconServices.framework/Versions/A/IconServices
0x000000000699d000 	/System/Library/PrivateFrameworks/ChunkingLibrary.framework/Versions/A/ChunkingLibrary
0x000000000699d000 	/System/Library/PrivateFrameworks/Apple80211.framework/Versions/A/Apple80211
0x000000000699d000 	/System/Library/Frameworks/CoreWLAN.framework/Versions/A/CoreWLAN
0x000000000699d000 	/System/Library/Frameworks/IOBluetooth.framework/Versions/A/IOBluetooth
0x000000000699d000 	/System/Library/PrivateFrameworks/CoreWiFi.framework/Versions/A/CoreWiFi
0x000000000699d000 	/System/Library/Frameworks/CoreBluetooth.framework/Versions/A/CoreBluetooth
0x000000000699d000 	/System/Library/PrivateFrameworks/DebugSymbols.framework/Versions/A/DebugSymbols
0x000000000699d000 	/System/Library/PrivateFrameworks/CoreSymbolication.framework/Versions/A/CoreSymbolication
0x000000000699d000 	/System/Library/PrivateFrameworks/Symbolication.framework/Versions/A/Symbolication
0x000000000699d000 	/System/Library/PrivateFrameworks/SpeechRecognitionCore.framework/Versions/A/SpeechRecognitionCore
0x0000000103cae000 	/System/Library/CoreServices/Encodings/libSimplifiedChineseConverter.dylib
0x0000000103d74000 	/Library/Java/JavaVirtualMachines/jdk1.8.0_40.jdk/Contents/Home/jre/lib/server/libjvm.dylib
0x000000000699d000 	/usr/lib/libstdc++.6.dylib
0x0000000105600000 	/Library/Java/JavaVirtualMachines/jdk1.8.0_40.jdk/Contents/Home/jre/lib/libverify.dylib
0x000000010560e000 	/Library/Java/JavaVirtualMachines/jdk1.8.0_40.jdk/Contents/Home/jre/lib/libjava.dylib
0x000000010564b000 	/Library/Java/JavaVirtualMachines/jdk1.8.0_40.jdk/Contents/Home/jre/lib/libzip.dylib
0x000000011b6cb000 	/System/Library/Frameworks/JavaVM.framework/Frameworks/JavaRuntimeSupport.framework/JavaRuntimeSupport
0x000000011b6e3000 	/System/Library/Frameworks/JavaVM.framework/Versions/A/Frameworks/JavaNativeFoundation.framework/Versions/A/JavaNativeFoundation
0x000000011b6f8000 	/System/Library/Frameworks/JavaVM.framework/Versions/A/JavaVM
0x000000000699d000 	/System/Library/Frameworks/Carbon.framework/Versions/A/Carbon
0x000000011b705000 	/System/Library/PrivateFrameworks/JavaLaunching.framework/Versions/A/JavaLaunching
0x000000000699d000 	/System/Library/Frameworks/Carbon.framework/Versions/A/Frameworks/CommonPanels.framework/Versions/A/CommonPanels
0x000000000699d000 	/System/Library/Frameworks/Carbon.framework/Versions/A/Frameworks/Help.framework/Versions/A/Help
0x000000000699d000 	/System/Library/Frameworks/Carbon.framework/Versions/A/Frameworks/ImageCapture.framework/Versions/A/ImageCapture
0x000000000699d000 	/System/Library/Frameworks/Carbon.framework/Versions/A/Frameworks/OpenScripting.framework/Versions/A/OpenScripting
0x000000000699d000 	/System/Library/Frameworks/Carbon.framework/Versions/A/Frameworks/Print.framework/Versions/A/Print
0x000000000699d000 	/System/Library/Frameworks/Carbon.framework/Versions/A/Frameworks/SecurityHI.framework/Versions/A/SecurityHI
0x000000011d638000 	/Applications/IntelliJ IDEA 15.app/Contents/bin/libbreakgen64.jnilib
0x000000011d740000 	/Library/Java/JavaVirtualMachines/jdk1.8.0_40.jdk/Contents/Home/jre/lib/libnet.dylib
0x000000011b794000 	/Library/Java/JavaVirtualMachines/jdk1.8.0_40.jdk/Contents/Home/jre/lib/libmanagement.dylib
0x000000011b711000 	/Library/Java/JavaVirtualMachines/jdk1.8.0_40.jdk/Contents/Home/jre/lib/libnio.dylib
0x000000011ebe7000 	/Library/Java/JavaVirtualMachines/jdk1.8.0_40.jdk/Contents/Home/jre/lib/libawt.dylib
0x000000011ec8f000 	/Library/Java/JavaVirtualMachines/jdk1.8.0_40.jdk/Contents/Home/jre/lib/./libmlib_image.dylib
0x000000011ed5b000 	/Library/Java/JavaVirtualMachines/jdk1.8.0_40.jdk/Contents/Home/jre/lib/libawt_lwawt.dylib
0x000000011b868000 	/Library/Java/JavaVirtualMachines/jdk1.8.0_40.jdk/Contents/Home/jre/lib/./libosxapp.dylib
0x000000000699d000 	/System/Library/Frameworks/ExceptionHandling.framework/Versions/A/ExceptionHandling
0x000000000699d000 	/System/Library/PrivateFrameworks/CoreServicesInternal.framework/Versions/A/CoreServicesInternal
0x000000000699d000 	/System/Library/PrivateFrameworks/CloudDocs.framework/Versions/A/CloudDocs
0x000000000699d000 	/System/Library/PrivateFrameworks/CoreDuet.framework/Versions/A/CoreDuet
0x000000000699d000 	/System/Library/Frameworks/CloudKit.framework/Versions/A/CloudKit
0x000000000699d000 	/System/Library/PrivateFrameworks/ProtocolBuffer.framework/Versions/A/ProtocolBuffer
0x000000000699d000 	/System/Library/PrivateFrameworks/CoreDuetDaemonProtocol.framework/Versions/A/CoreDuetDaemonProtocol
0x000000000699d000 	/System/Library/PrivateFrameworks/CoreDuetDebugLogging.framework/Versions/A/CoreDuetDebugLogging
0x000000000699d000 	/System/Library/PrivateFrameworks/MMCS.framework/Versions/A/MMCS
0x000000000699d000 	/System/Library/Frameworks/CoreLocation.framework/Versions/A/CoreLocation
0x000000000699d000 	/System/Library/PrivateFrameworks/ProtectedCloudStorage.framework/Versions/A/ProtectedCloudStorage
0x000000000699d000 	/System/Library/PrivateFrameworks/GeoServices.framework/Versions/A/GeoServices
0x000000000699d000 	/System/Library/Frameworks/CoreGraphics.framework/Versions/A/Resources/libCGCMS.A.dylib
0x000000000699d000 	/System/Library/Frameworks/CoreGraphics.framework/Versions/A/Resources/libRIP.A.dylib
0x000000000699d000 	/System/Library/Frameworks/CoreGraphics.framework/Versions/A/Resources/libCGXType.A.dylib
0x000000000699d000 	/System/Library/Frameworks/OpenCL.framework/Versions/A/Libraries/libcldcpuengine.dylib
0x000000000699d000 	/System/Library/PrivateFrameworks/DiskImages.framework/Versions/A/DiskImages
0x000000000699d000 	/System/Library/Frameworks/DiscRecording.framework/Versions/A/DiscRecording
0x000000000699d000 	/usr/lib/libcsfde.dylib
0x000000000699d000 	/usr/lib/libcurl.4.dylib
0x000000000699d000 	/System/Library/PrivateFrameworks/MediaKit.framework/Versions/A/MediaKit
0x000000000699d000 	/usr/lib/libCoreStorage.dylib
0x000000000699d000 	/System/Library/PrivateFrameworks/EFILogin.framework/Versions/A/EFILogin
0x000000000699d000 	/usr/lib/libutil.dylib
0x000000000699d000 	/System/Library/PrivateFrameworks/FindMyDevice.framework/Versions/A/FindMyDevice
0x000000000699d000 	/System/Library/Frameworks/LDAP.framework/Versions/A/LDAP
0x000000000699d000 	/usr/lib/libsasl2.2.dylib
0x000000000699d000 	/System/Library/PrivateFrameworks/CoreDaemon.framework/Versions/B/CoreDaemon
0x000000000699d000 	/usr/lib/libcrypto.0.9.8.dylib
0x000000000699d000 	/System/Library/PrivateFrameworks/AppleSRP.framework/Versions/A/AppleSRP
0x000000000699d000 	/System/Library/PrivateFrameworks/TrustEvaluationAgent.framework/Versions/A/TrustEvaluationAgent
0x000000011dcb9000 	cl_kernels
0x000000012219b000 	/System/Library/Frameworks/OpenCL.framework/Versions/A/Libraries/ImageFormats/unorm8_bgra.dylib
0x000000011dcaa000 	cl_kernels
0x000000000699d000 	/System/Library/PrivateFrameworks/FamilyControls.framework/Versions/A/FamilyControls
0x000000000699d000 	/System/Library/PrivateFrameworks/CommerceKit.framework/Versions/A/Frameworks/CommerceCore.framework/Versions/A/CommerceCore
0x000000000699d000 	/System/Library/PrivateFrameworks/SystemAdministration.framework/Versions/A/SystemAdministration
0x000000000699d000 	/System/Library/PrivateFrameworks/AppContainer.framework/Versions/A/AppContainer
0x000000000699d000 	/System/Library/PrivateFrameworks/SecCodeWrapper.framework/Versions/A/SecCodeWrapper
0x000000000699d000 	/System/Library/Frameworks/DirectoryService.framework/Versions/A/DirectoryService
0x000000000699d000 	/System/Library/PrivateFrameworks/LoginUIKit.framework/Versions/A/Frameworks/LoginUICore.framework/Versions/A/LoginUICore
0x000000000699d000 	/usr/lib/libodfde.dylib

VM Arguments:
jvm_args: -ea -Didea.launcher.port=7536 -Didea.launcher.bin.path=/Applications/IntelliJ IDEA 15.app/Contents/bin -Didea.junit.sm_runner -Dfile.encoding=UTF-8 
java_command: com.intellij.rt.execution.application.AppMain com.intellij.rt.execution.junit.JUnitStarter -ideVersion5 TestController,testList
java_class_path (initial): /Applications/IntelliJ IDEA 15.app/Contents/lib/idea_rt.jar:/Applications/IntelliJ IDEA 15.app/Contents/plugins/junit/lib/junit-rt.jar:/Library/Java/JavaVirtualMachines/jdk1.8.0_40.jdk/Contents/Home/jre/lib/charsets.jar:/Library/Java/JavaVirtualMachines/jdk1.8.0_40.jdk/Contents/Home/jre/lib/deploy.jar:/Library/Java/JavaVirtualMachines/jdk1.8.0_40.jdk/Contents/Home/jre/lib/ext/cldrdata.jar:/Library/Java/JavaVirtualMachines/jdk1.8.0_40.jdk/Contents/Home/jre/lib/ext/dnsns.jar:/Library/Java/JavaVirtualMachines/jdk1.8.0_40.jdk/Contents/Home/jre/lib/ext/jfxrt.jar:/Library/Java/JavaVirtualMachines/jdk1.8.0_40.jdk/Contents/Home/jre/lib/ext/localedata.jar:/Library/Java/JavaVirtualMachines/jdk1.8.0_40.jdk/Contents/Home/jre/lib/ext/nashorn.jar:/Library/Java/JavaVirtualMachines/jdk1.8.0_40.jdk/Contents/Home/jre/lib/ext/sunec.jar:/Library/Java/JavaVirtualMachines/jdk1.8.0_40.jdk/Contents/Home/jre/lib/ext/sunjce_provider.jar:/Library/Java/JavaVirtualMachines/jdk1.8.0_40.jdk/Contents/Home/jre/lib/ext/sunpkcs11.jar:/Library/Java/JavaVirtualMachines/jdk1.8.0_40.jdk/Contents/Home/jre/lib/ext/zipfs.jar:/Library/Java/JavaVirtualMachines/jdk1.8.0_40.jdk/Contents/Home/jre/lib/javaws.jar:/Library/Java/JavaVirtualMachines/jdk1.8.0_40.jdk/Contents/Home/jre/lib/jce.jar:/Library/Java/JavaVirtualMachines/jdk1.8.0_40.jdk/Contents/Home/jre/lib/jfr.jar:/Library/Java/JavaVirtualMachines/jdk1.8.0_40.jdk/Contents/Home/jre/lib/jfxswt.jar:/Library/Java/JavaVirtualMachines/jdk1.8.0_40.jdk/Contents/Home/jre/lib/jsse.jar:/Library/Java/JavaVirtualMachines/jdk1.8.0_40.jdk/Contents/Home/jre/lib/management-agent.jar:/Library/Java/JavaVirtualMachines/jdk1.8.0_40.jdk/Contents/Home/jre/lib/plugin.jar:/Library/Java/JavaVirtualMachines/jdk1.8.0_40.jdk/Contents/Home/jre/lib/resources.jar:/Library/Java/JavaVirtualMachines/jdk1.8.0_40.jdk/Contents/Home/jre/lib/rt.jar:/Library/Java/JavaVirtualMachines/jdk1.8.0_40.jdk/Contents/Home/lib/ant-javafx.jar:/Library/Java/JavaVirtualMachines/jdk1.
Launcher Type: SUN_STANDARD

Environment Variables:
PATH=/usr/local/bin:/usr/bin:/bin:/usr/sbin:/sbin
SHELL=/bin/bash

Signal Handlers:
SIGSEGV: [libjvm.dylib+0x58ef95], sa_mask[0]=11111111011111110111111111111111, sa_flags=SA_ONSTACK|SA_RESTART|SA_SIGINFO
SIGBUS: [libjvm.dylib+0x58ef95], sa_mask[0]=11111111011111110111111111111111, sa_flags=SA_RESTART|SA_SIGINFO
SIGFPE: [libjvm.dylib+0x46c118], sa_mask[0]=11111111011111110111111111111111, sa_flags=SA_RESTART|SA_SIGINFO
SIGPIPE: [libjvm.dylib+0x46c118], sa_mask[0]=11111111011111110111111111111111, sa_flags=SA_RESTART|SA_SIGINFO
SIGXFSZ: [libjvm.dylib+0x46c118], sa_mask[0]=11111111011111110111111111111111, sa_flags=SA_RESTART|SA_SIGINFO
SIGILL: [libjvm.dylib+0x46c118], sa_mask[0]=11111111011111110111111111111111, sa_flags=SA_RESTART|SA_SIGINFO
SIGUSR1: SIG_DFL, sa_mask[0]=00000000000000000000000000000000, sa_flags=none
SIGUSR2: [libjvm.dylib+0x46bc36], sa_mask[0]=00100000000000000000000000000000, sa_flags=SA_RESTART|SA_SIGINFO
SIGHUP: [libjvm.dylib+0x46a209], sa_mask[0]=11111111011111110111111111111111, sa_flags=SA_RESTART|SA_SIGINFO
SIGINT: [libjvm.dylib+0x46a209], sa_mask[0]=11111111011111110111111111111111, sa_flags=SA_RESTART|SA_SIGINFO
SIGTERM: [libjvm.dylib+0x46a209], sa_mask[0]=11111111011111110111111111111111, sa_flags=SA_RESTART|SA_SIGINFO
SIGQUIT: [libjvm.dylib+0x46a209], sa_mask[0]=11111111011111110111111111111111, sa_flags=SA_RESTART|SA_SIGINFO


---------------  S Y S T E M  ---------------

OS:Bsduname:Darwin 14.3.0 Darwin Kernel Version 14.3.0: Mon Mar 23 11:59:05 PDT 2015; root:xnu-2782.20.48~5/RELEASE_X86_64 x86_64
rlimit: STACK 8192k, CORE 0k, NPROC 709, NOFILE 10240, AS infinity
load average:3.85 2.91 2.63

CPU:total 4 (2 cores per cpu, 2 threads per core) family 6 model 58 stepping 9, cmov, cx8, fxsr, mmx, sse, sse2, sse3, ssse3, sse4.1, sse4.2, popcnt, avx, aes, clmul, erms, ht, tsc, tscinvbit, tscinv

Memory: 4k page, physical 8388608k(452752k free)

/proc/meminfo:


vm_info: Java HotSpot(TM) 64-Bit Server VM (25.40-b25) for bsd-amd64 JRE (1.8.0_40-b27), built on Mar 13 2015 04:46:52 by "java_re" with gcc 4.2.1 (Based on Apple Inc. build 5658) (LLVM build 2336.11.00)

time: Sun May  1 17:09:33 2016
elapsed time: 6 seconds (0d 0h 0m 6s)

